[0.534s] Invoking command in '/home/conor/Developer/school/capstone/WeedEater/rosws/src/controller': PYTHONPATH=/home/conor/Developer/school/capstone/WeedEater/rosws/build/controller/prefix_override:/usr/lib/python3/dist-packages/colcon_core/task/python/colcon_distutils_commands:/home/conor/Developer/school/capstone/WeedEater/rosws/install/controller/lib/python3.10/site-packages:${PYTHONPATH} /usr/bin/python3 -W ignore:setup.py install is deprecated setup.py egg_info --egg-base ../../build/controller build --build-base /home/conor/Developer/school/capstone/WeedEater/rosws/build/controller/build install --record /home/conor/Developer/school/capstone/WeedEater/rosws/build/controller/install.log --single-version-externally-managed install_data
[0.689s] running egg_info
[0.697s] writing ../../build/controller/controller.egg-info/PKG-INFO
[0.698s] writing dependency_links to ../../build/controller/controller.egg-info/dependency_links.txt
[0.698s] writing entry points to ../../build/controller/controller.egg-info/entry_points.txt
[0.698s] writing requirements to ../../build/controller/controller.egg-info/requires.txt
[0.698s] writing top-level names to ../../build/controller/controller.egg-info/top_level.txt
[0.721s] reading manifest file '../../build/controller/controller.egg-info/SOURCES.txt'
[0.722s] writing manifest file '../../build/controller/controller.egg-info/SOURCES.txt'
[0.722s] running build
[0.722s] running build_py
[0.723s] copying controller/camera.py -> /home/conor/Developer/school/capstone/WeedEater/rosws/build/controller/build/lib/controller
[0.723s] copying controller/__init__.py -> /home/conor/Developer/school/capstone/WeedEater/rosws/build/controller/build/lib/controller
[0.723s] running install
[0.727s] running install_lib
[0.739s] running install_data
[0.739s] copying resource/controller -> /home/conor/Developer/school/capstone/WeedEater/rosws/install/controller/share/ament_index/resource_index/packages
[0.739s] copying package.xml -> /home/conor/Developer/school/capstone/WeedEater/rosws/install/controller/share/controller
[0.739s] running install_egg_info
[0.749s] removing '/home/conor/Developer/school/capstone/WeedEater/rosws/install/controller/lib/python3.10/site-packages/controller-0.0.0-py3.10.egg-info' (and everything under it)
[0.749s] Copying ../../build/controller/controller.egg-info to /home/conor/Developer/school/capstone/WeedEater/rosws/install/controller/lib/python3.10/site-packages/controller-0.0.0-py3.10.egg-info
[0.750s] running install_scripts
[0.842s] Installing camera script to /home/conor/Developer/school/capstone/WeedEater/rosws/install/controller/lib/controller
[0.842s] writing list of installed files to '/home/conor/Developer/school/capstone/WeedEater/rosws/build/controller/install.log'
[0.859s] Invoked command in '/home/conor/Developer/school/capstone/WeedEater/rosws/src/controller' returned '0': PYTHONPATH=/home/conor/Developer/school/capstone/WeedEater/rosws/build/controller/prefix_override:/usr/lib/python3/dist-packages/colcon_core/task/python/colcon_distutils_commands:/home/conor/Developer/school/capstone/WeedEater/rosws/install/controller/lib/python3.10/site-packages:${PYTHONPATH} /usr/bin/python3 -W ignore:setup.py install is deprecated setup.py egg_info --egg-base ../../build/controller build --build-base /home/conor/Developer/school/capstone/WeedEater/rosws/build/controller/build install --record /home/conor/Developer/school/capstone/WeedEater/rosws/build/controller/install.log --single-version-externally-managed install_data
