[0.535s] Invoking command in '/home/conor/Developer/school/capstone/WeedEater/rosws/src/controller': PYTHONPATH=/home/conor/Developer/school/capstone/WeedEater/rosws/build/controller/prefix_override:/usr/lib/python3/dist-packages/colcon_core/task/python/colcon_distutils_commands:/home/conor/Developer/school/capstone/WeedEater/rosws/install/controller/lib/python3.10/site-packages:${PYTHONPATH} /usr/bin/python3 -W ignore:setup.py install is deprecated setup.py egg_info --egg-base ../../build/controller build --build-base /home/conor/Developer/school/capstone/WeedEater/rosws/build/controller/build install --record /home/conor/Developer/school/capstone/WeedEater/rosws/build/controller/install.log --single-version-externally-managed install_data
[0.690s] running egg_info
[0.690s] creating ../../build/controller/controller.egg-info
[0.699s] writing ../../build/controller/controller.egg-info/PKG-INFO
[0.699s] writing dependency_links to ../../build/controller/controller.egg-info/dependency_links.txt
[0.700s] writing requirements to ../../build/controller/controller.egg-info/requires.txt
[0.700s] writing top-level names to ../../build/controller/controller.egg-info/top_level.txt
[0.700s] writing manifest file '../../build/controller/controller.egg-info/SOURCES.txt'
[0.718s] reading manifest file '../../build/controller/controller.egg-info/SOURCES.txt'
[0.719s] writing manifest file '../../build/controller/controller.egg-info/SOURCES.txt'
[0.719s] running build
[0.719s] running build_py
[0.719s] creating /home/conor/Developer/school/capstone/WeedEater/rosws/build/controller/build
[0.719s] creating /home/conor/Developer/school/capstone/WeedEater/rosws/build/controller/build/lib
[0.719s] creating /home/conor/Developer/school/capstone/WeedEater/rosws/build/controller/build/lib/controller
[0.719s] copying controller/camera.py -> /home/conor/Developer/school/capstone/WeedEater/rosws/build/controller/build/lib/controller
[0.719s] copying controller/__init__.py -> /home/conor/Developer/school/capstone/WeedEater/rosws/build/controller/build/lib/controller
[0.719s] running install
[0.723s] running install_lib
[0.734s] creating /home/conor/Developer/school/capstone/WeedEater/rosws/install/controller/lib/python3.10/site-packages/controller
[0.734s] copying /home/conor/Developer/school/capstone/WeedEater/rosws/build/controller/build/lib/controller/camera.py -> /home/conor/Developer/school/capstone/WeedEater/rosws/install/controller/lib/python3.10/site-packages/controller
[0.734s] copying /home/conor/Developer/school/capstone/WeedEater/rosws/build/controller/build/lib/controller/__init__.py -> /home/conor/Developer/school/capstone/WeedEater/rosws/install/controller/lib/python3.10/site-packages/controller
[0.735s] byte-compiling /home/conor/Developer/school/capstone/WeedEater/rosws/install/controller/lib/python3.10/site-packages/controller/camera.py to camera.cpython-310.pyc
[0.735s] byte-compiling /home/conor/Developer/school/capstone/WeedEater/rosws/install/controller/lib/python3.10/site-packages/controller/__init__.py to __init__.cpython-310.pyc
[0.735s] running install_data
[0.736s] creating /home/conor/Developer/school/capstone/WeedEater/rosws/install/controller/share/ament_index
[0.736s] creating /home/conor/Developer/school/capstone/WeedEater/rosws/install/controller/share/ament_index/resource_index
[0.736s] creating /home/conor/Developer/school/capstone/WeedEater/rosws/install/controller/share/ament_index/resource_index/packages
[0.736s] copying resource/controller -> /home/conor/Developer/school/capstone/WeedEater/rosws/install/controller/share/ament_index/resource_index/packages
[0.736s] copying package.xml -> /home/conor/Developer/school/capstone/WeedEater/rosws/install/controller/share/controller
[0.736s] running install_egg_info
[0.749s] Copying ../../build/controller/controller.egg-info to /home/conor/Developer/school/capstone/WeedEater/rosws/install/controller/lib/python3.10/site-packages/controller-0.0.0-py3.10.egg-info
[0.749s] running install_scripts
[0.842s] writing list of installed files to '/home/conor/Developer/school/capstone/WeedEater/rosws/build/controller/install.log'
[0.860s] Invoked command in '/home/conor/Developer/school/capstone/WeedEater/rosws/src/controller' returned '0': PYTHONPATH=/home/conor/Developer/school/capstone/WeedEater/rosws/build/controller/prefix_override:/usr/lib/python3/dist-packages/colcon_core/task/python/colcon_distutils_commands:/home/conor/Developer/school/capstone/WeedEater/rosws/install/controller/lib/python3.10/site-packages:${PYTHONPATH} /usr/bin/python3 -W ignore:setup.py install is deprecated setup.py egg_info --egg-base ../../build/controller build --build-base /home/conor/Developer/school/capstone/WeedEater/rosws/build/controller/build install --record /home/conor/Developer/school/capstone/WeedEater/rosws/build/controller/install.log --single-version-externally-managed install_data
