[1.304s] Invoking command in '/home/pass_is_queens/Developer/WeedEater/rosws/src/controller': PYTHONPATH=/home/pass_is_queens/Developer/WeedEater/rosws/build/controller/prefix_override:/usr/lib/python3/dist-packages/colcon_core/task/python/colcon_distutils_commands:/home/pass_is_queens/Developer/WeedEater/rosws/install/controller/lib/python3.10/site-packages:${PYTHONPATH} /usr/bin/python3 -W ignore:setup.py install is deprecated -W ignore:easy_install command is deprecated setup.py egg_info --egg-base ../../build/controller build --build-base /home/pass_is_queens/Developer/WeedEater/rosws/build/controller/build install --record /home/pass_is_queens/Developer/WeedEater/rosws/build/controller/install.log --single-version-externally-managed install_data
[1.799s] running egg_info
[1.800s] writing ../../build/controller/controller.egg-info/PKG-INFO
[1.801s] writing dependency_links to ../../build/controller/controller.egg-info/dependency_links.txt
[1.801s] writing entry points to ../../build/controller/controller.egg-info/entry_points.txt
[1.801s] writing requirements to ../../build/controller/controller.egg-info/requires.txt
[1.802s] writing top-level names to ../../build/controller/controller.egg-info/top_level.txt
[1.805s] reading manifest file '../../build/controller/controller.egg-info/SOURCES.txt'
[1.807s] writing manifest file '../../build/controller/controller.egg-info/SOURCES.txt'
[1.807s] running build
[1.807s] running build_py
[1.807s] copying controller/obj_det.py -> /home/pass_is_queens/Developer/WeedEater/rosws/build/controller/build/lib/controller
[1.808s] running install
[1.809s] running install_lib
[1.810s] copying /home/pass_is_queens/Developer/WeedEater/rosws/build/controller/build/lib/controller/obj_det.py -> /home/pass_is_queens/Developer/WeedEater/rosws/install/controller/lib/python3.10/site-packages/controller
[1.812s] byte-compiling /home/pass_is_queens/Developer/WeedEater/rosws/install/controller/lib/python3.10/site-packages/controller/obj_det.py to obj_det.cpython-310.pyc
[1.813s] running install_data
[1.813s] running install_egg_info
[1.817s] removing '/home/pass_is_queens/Developer/WeedEater/rosws/install/controller/lib/python3.10/site-packages/controller-0.0.0-py3.10.egg-info' (and everything under it)
[1.817s] Copying ../../build/controller/controller.egg-info to /home/pass_is_queens/Developer/WeedEater/rosws/install/controller/lib/python3.10/site-packages/controller-0.0.0-py3.10.egg-info
[1.820s] running install_scripts
[1.864s] Installing camera script to /home/pass_is_queens/Developer/WeedEater/rosws/install/controller/lib/controller
[1.865s] Installing obj_det script to /home/pass_is_queens/Developer/WeedEater/rosws/install/controller/lib/controller
[1.865s] writing list of installed files to '/home/pass_is_queens/Developer/WeedEater/rosws/build/controller/install.log'
[1.936s] Invoked command in '/home/pass_is_queens/Developer/WeedEater/rosws/src/controller' returned '0': PYTHONPATH=/home/pass_is_queens/Developer/WeedEater/rosws/build/controller/prefix_override:/usr/lib/python3/dist-packages/colcon_core/task/python/colcon_distutils_commands:/home/pass_is_queens/Developer/WeedEater/rosws/install/controller/lib/python3.10/site-packages:${PYTHONPATH} /usr/bin/python3 -W ignore:setup.py install is deprecated -W ignore:easy_install command is deprecated setup.py egg_info --egg-base ../../build/controller build --build-base /home/pass_is_queens/Developer/WeedEater/rosws/build/controller/build install --record /home/pass_is_queens/Developer/WeedEater/rosws/build/controller/install.log --single-version-externally-managed install_data
