[1.671s] Invoking command in '/home/pass_is_queens/Developer/WeedEater/rosws/src/controller': PYTHONPATH=/home/pass_is_queens/Developer/WeedEater/rosws/build/controller/prefix_override:/usr/lib/python3/dist-packages/colcon_core/task/python/colcon_distutils_commands:/home/pass_is_queens/Developer/WeedEater/rosws/install/controller/lib/python3.10/site-packages:${PYTHONPATH} /usr/bin/python3 -W ignore:setup.py install is deprecated -W ignore:easy_install command is deprecated setup.py egg_info --egg-base ../../build/controller build --build-base /home/pass_is_queens/Developer/WeedEater/rosws/build/controller/build install --record /home/pass_is_queens/Developer/WeedEater/rosws/build/controller/install.log --single-version-externally-managed install_data
[2.214s] running egg_info
[2.248s] writing ../../build/controller/controller.egg-info/PKG-INFO
[2.249s] writing dependency_links to ../../build/controller/controller.egg-info/dependency_links.txt
[2.250s] writing entry points to ../../build/controller/controller.egg-info/entry_points.txt
[2.251s] writing requirements to ../../build/controller/controller.egg-info/requires.txt
[2.251s] writing top-level names to ../../build/controller/controller.egg-info/top_level.txt
[2.320s] reading manifest file '../../build/controller/controller.egg-info/SOURCES.txt'
[2.322s] writing manifest file '../../build/controller/controller.egg-info/SOURCES.txt'
[2.322s] running build
[2.322s] running build_py
[2.323s] copying controller/obj_det.py -> /home/pass_is_queens/Developer/WeedEater/rosws/build/controller/build/lib/controller
[2.323s] copying controller/__init__.py -> /home/pass_is_queens/Developer/WeedEater/rosws/build/controller/build/lib/controller
[2.323s] copying controller/camera.py -> /home/pass_is_queens/Developer/WeedEater/rosws/build/controller/build/lib/controller
[2.324s] copying controller/steering_pid.py -> /home/pass_is_queens/Developer/WeedEater/rosws/build/controller/build/lib/controller
[2.324s] copying controller/line_detector.py -> /home/pass_is_queens/Developer/WeedEater/rosws/build/controller/build/lib/controller
[2.325s] running install
[2.337s] running install_lib
[2.372s] copying /home/pass_is_queens/Developer/WeedEater/rosws/build/controller/build/lib/controller/line_detector.py -> /home/pass_is_queens/Developer/WeedEater/rosws/install/controller/lib/python3.10/site-packages/controller
[2.373s] byte-compiling /home/pass_is_queens/Developer/WeedEater/rosws/install/controller/lib/python3.10/site-packages/controller/line_detector.py to line_detector.cpython-310.pyc
[2.376s] running install_data
[2.376s] copying resource/controller -> /home/pass_is_queens/Developer/WeedEater/rosws/install/controller/share/ament_index/resource_index/packages
[2.377s] copying package.xml -> /home/pass_is_queens/Developer/WeedEater/rosws/install/controller/share/controller
[2.377s] running install_egg_info
[2.416s] removing '/home/pass_is_queens/Developer/WeedEater/rosws/install/controller/lib/python3.10/site-packages/controller-0.0.0-py3.10.egg-info' (and everything under it)
[2.417s] Copying ../../build/controller/controller.egg-info to /home/pass_is_queens/Developer/WeedEater/rosws/install/controller/lib/python3.10/site-packages/controller-0.0.0-py3.10.egg-info
[2.419s] running install_scripts
[2.726s] Installing camera script to /home/pass_is_queens/Developer/WeedEater/rosws/install/controller/lib/controller
[2.726s] Installing line_detector script to /home/pass_is_queens/Developer/WeedEater/rosws/install/controller/lib/controller
[2.727s] Installing obj_det script to /home/pass_is_queens/Developer/WeedEater/rosws/install/controller/lib/controller
[2.727s] Installing steering_pid script to /home/pass_is_queens/Developer/WeedEater/rosws/install/controller/lib/controller
[2.728s] writing list of installed files to '/home/pass_is_queens/Developer/WeedEater/rosws/build/controller/install.log'
[2.813s] Invoked command in '/home/pass_is_queens/Developer/WeedEater/rosws/src/controller' returned '0': PYTHONPATH=/home/pass_is_queens/Developer/WeedEater/rosws/build/controller/prefix_override:/usr/lib/python3/dist-packages/colcon_core/task/python/colcon_distutils_commands:/home/pass_is_queens/Developer/WeedEater/rosws/install/controller/lib/python3.10/site-packages:${PYTHONPATH} /usr/bin/python3 -W ignore:setup.py install is deprecated -W ignore:easy_install command is deprecated setup.py egg_info --egg-base ../../build/controller build --build-base /home/pass_is_queens/Developer/WeedEater/rosws/build/controller/build install --record /home/pass_is_queens/Developer/WeedEater/rosws/build/controller/install.log --single-version-externally-managed install_data
