[1.697s] Invoking command in '/home/pass_is_queens/Developer/WeedEater/rosws/src/controller': PYTHONPATH=/home/pass_is_queens/Developer/WeedEater/rosws/build/controller/prefix_override:/usr/lib/python3/dist-packages/colcon_core/task/python/colcon_distutils_commands:/home/pass_is_queens/Developer/WeedEater/rosws/install/controller/lib/python3.10/site-packages:${PYTHONPATH} /usr/bin/python3 -W ignore:setup.py install is deprecated -W ignore:easy_install command is deprecated setup.py egg_info --egg-base ../../build/controller build --build-base /home/pass_is_queens/Developer/WeedEater/rosws/build/controller/build install --record /home/pass_is_queens/Developer/WeedEater/rosws/build/controller/install.log --single-version-externally-managed install_data
[2.234s] running egg_info
[2.268s] writing ../../build/controller/controller.egg-info/PKG-INFO
[2.269s] writing dependency_links to ../../build/controller/controller.egg-info/dependency_links.txt
[2.269s] writing entry points to ../../build/controller/controller.egg-info/entry_points.txt
[2.270s] writing requirements to ../../build/controller/controller.egg-info/requires.txt
[2.270s] writing top-level names to ../../build/controller/controller.egg-info/top_level.txt
[2.339s] reading manifest file '../../build/controller/controller.egg-info/SOURCES.txt'
[2.341s] writing manifest file '../../build/controller/controller.egg-info/SOURCES.txt'
[2.342s] running build
[2.342s] running build_py
[2.343s] copying controller/obj_det.py -> /home/pass_is_queens/Developer/WeedEater/rosws/build/controller/build/lib/controller
[2.343s] copying controller/__init__.py -> /home/pass_is_queens/Developer/WeedEater/rosws/build/controller/build/lib/controller
[2.343s] copying controller/camera.py -> /home/pass_is_queens/Developer/WeedEater/rosws/build/controller/build/lib/controller
[2.344s] copying controller/steering_pid.py -> /home/pass_is_queens/Developer/WeedEater/rosws/build/controller/build/lib/controller
[2.344s] copying controller/line_detector.py -> /home/pass_is_queens/Developer/WeedEater/rosws/build/controller/build/lib/controller
[2.344s] running install
[2.356s] running install_lib
[2.390s] copying /home/pass_is_queens/Developer/WeedEater/rosws/build/controller/build/lib/controller/steering_pid.py -> /home/pass_is_queens/Developer/WeedEater/rosws/install/controller/lib/python3.10/site-packages/controller
[2.392s] byte-compiling /home/pass_is_queens/Developer/WeedEater/rosws/install/controller/lib/python3.10/site-packages/controller/steering_pid.py to steering_pid.cpython-310.pyc
[2.394s] running install_data
[2.394s] copying resource/controller -> /home/pass_is_queens/Developer/WeedEater/rosws/install/controller/share/ament_index/resource_index/packages
[2.395s] copying package.xml -> /home/pass_is_queens/Developer/WeedEater/rosws/install/controller/share/controller
[2.395s] running install_egg_info
[2.433s] removing '/home/pass_is_queens/Developer/WeedEater/rosws/install/controller/lib/python3.10/site-packages/controller-0.0.0-py3.10.egg-info' (and everything under it)
[2.433s] Copying ../../build/controller/controller.egg-info to /home/pass_is_queens/Developer/WeedEater/rosws/install/controller/lib/python3.10/site-packages/controller-0.0.0-py3.10.egg-info
[2.434s] running install_scripts
[2.732s] Installing camera script to /home/pass_is_queens/Developer/WeedEater/rosws/install/controller/lib/controller
[2.732s] Installing line_detector script to /home/pass_is_queens/Developer/WeedEater/rosws/install/controller/lib/controller
[2.732s] Installing obj_det script to /home/pass_is_queens/Developer/WeedEater/rosws/install/controller/lib/controller
[2.733s] Installing steering_pid script to /home/pass_is_queens/Developer/WeedEater/rosws/install/controller/lib/controller
[2.734s] writing list of installed files to '/home/pass_is_queens/Developer/WeedEater/rosws/build/controller/install.log'
[2.815s] Invoked command in '/home/pass_is_queens/Developer/WeedEater/rosws/src/controller' returned '0': PYTHONPATH=/home/pass_is_queens/Developer/WeedEater/rosws/build/controller/prefix_override:/usr/lib/python3/dist-packages/colcon_core/task/python/colcon_distutils_commands:/home/pass_is_queens/Developer/WeedEater/rosws/install/controller/lib/python3.10/site-packages:${PYTHONPATH} /usr/bin/python3 -W ignore:setup.py install is deprecated -W ignore:easy_install command is deprecated setup.py egg_info --egg-base ../../build/controller build --build-base /home/pass_is_queens/Developer/WeedEater/rosws/build/controller/build install --record /home/pass_is_queens/Developer/WeedEater/rosws/build/controller/install.log --single-version-externally-managed install_data
