[0.231s] DEBUG:colcon:Command line arguments: ['/usr/bin/colcon', 'build']
[0.232s] DEBUG:colcon:Parsed command line arguments: Namespace(log_base=None, log_level=None, verb_name='build', build_base='build', install_base='install', merge_install=False, symlink_install=False, test_result_base=None, continue_on_error=False, executor='parallel', parallel_workers=6, event_handlers=None, ignore_user_meta=False, metas=['./colcon.meta'], base_paths=['.'], packages_ignore=None, packages_ignore_regex=None, paths=None, packages_up_to=None, packages_up_to_regex=None, packages_above=None, packages_above_and_dependencies=None, packages_above_depth=None, packages_select_by_dep=None, packages_skip_by_dep=None, packages_skip_up_to=None, packages_select_build_failed=False, packages_skip_build_finished=False, packages_select_test_failures=False, packages_skip_test_passed=False, packages_select=None, packages_skip=None, packages_select_regex=None, packages_skip_regex=None, packages_start=None, packages_end=None, allow_overriding=[], cmake_args=None, cmake_target=None, cmake_target_skip_unavailable=False, cmake_clean_cache=False, cmake_clean_first=False, cmake_force_configure=False, ament_cmake_args=None, catkin_cmake_args=None, catkin_skip_building_tests=False, mixin_files=None, mixin=None, verb_parser=<colcon_mixin.mixin.mixin_argument.MixinArgumentDecorator object at 0xffffaec1ee00>, verb_extension=<colcon_core.verb.build.BuildVerb object at 0xffffaebd0790>, main=<bound method BuildVerb.main of <colcon_core.verb.build.BuildVerb object at 0xffffaebd0790>>, mixin_verb=('build',))
[0.313s] Level 1:colcon.colcon_core.package_discovery:discover_packages(colcon_meta) check parameters
[0.313s] Level 1:colcon.colcon_core.package_discovery:discover_packages(recursive) check parameters
[0.313s] Level 1:colcon.colcon_core.package_discovery:discover_packages(ignore) check parameters
[0.313s] Level 1:colcon.colcon_core.package_discovery:discover_packages(path) check parameters
[0.314s] Level 1:colcon.colcon_core.package_discovery:discover_packages(colcon_meta) discover
[0.314s] Level 1:colcon.colcon_core.package_discovery:discover_packages(recursive) discover
[0.314s] INFO:colcon.colcon_core.package_discovery:Crawling recursively for packages in '/home/pass_is_queens/Developer/WeedEater/rosws'
[0.314s] Level 1:colcon.colcon_core.package_identification:_identify(.) by extensions ['ignore', 'ignore_ament_install']
[0.314s] Level 1:colcon.colcon_core.package_identification:_identify(.) by extension 'ignore'
[0.314s] Level 1:colcon.colcon_core.package_identification:_identify(.) by extension 'ignore_ament_install'
[0.315s] Level 1:colcon.colcon_core.package_identification:_identify(.) by extensions ['colcon_pkg']
[0.315s] Level 1:colcon.colcon_core.package_identification:_identify(.) by extension 'colcon_pkg'
[0.315s] Level 1:colcon.colcon_core.package_identification:_identify(.) by extensions ['colcon_meta']
[0.315s] Level 1:colcon.colcon_core.package_identification:_identify(.) by extension 'colcon_meta'
[0.315s] Level 1:colcon.colcon_core.package_identification:_identify(.) by extensions ['ros']
[0.315s] Level 1:colcon.colcon_core.package_identification:_identify(.) by extension 'ros'
[0.346s] Level 1:colcon.colcon_core.package_identification:_identify(.) by extensions ['cmake', 'python']
[0.347s] Level 1:colcon.colcon_core.package_identification:_identify(.) by extension 'cmake'
[0.347s] Level 1:colcon.colcon_core.package_identification:_identify(.) by extension 'python'
[0.347s] Level 1:colcon.colcon_core.package_identification:_identify(.) by extensions ['python_setup_py']
[0.347s] Level 1:colcon.colcon_core.package_identification:_identify(.) by extension 'python_setup_py'
[0.347s] Level 1:colcon.colcon_core.package_identification:_identify(build) by extensions ['ignore', 'ignore_ament_install']
[0.348s] Level 1:colcon.colcon_core.package_identification:_identify(build) by extension 'ignore'
[0.348s] Level 1:colcon.colcon_core.package_identification:_identify(build) ignored
[0.348s] Level 1:colcon.colcon_core.package_identification:_identify(install) by extensions ['ignore', 'ignore_ament_install']
[0.348s] Level 1:colcon.colcon_core.package_identification:_identify(install) by extension 'ignore'
[0.348s] Level 1:colcon.colcon_core.package_identification:_identify(install) ignored
[0.349s] Level 1:colcon.colcon_core.package_identification:_identify(log) by extensions ['ignore', 'ignore_ament_install']
[0.349s] Level 1:colcon.colcon_core.package_identification:_identify(log) by extension 'ignore'
[0.349s] Level 1:colcon.colcon_core.package_identification:_identify(log) ignored
[0.349s] Level 1:colcon.colcon_core.package_identification:_identify(src) by extensions ['ignore', 'ignore_ament_install']
[0.349s] Level 1:colcon.colcon_core.package_identification:_identify(src) by extension 'ignore'
[0.349s] Level 1:colcon.colcon_core.package_identification:_identify(src) by extension 'ignore_ament_install'
[0.350s] Level 1:colcon.colcon_core.package_identification:_identify(src) by extensions ['colcon_pkg']
[0.350s] Level 1:colcon.colcon_core.package_identification:_identify(src) by extension 'colcon_pkg'
[0.350s] Level 1:colcon.colcon_core.package_identification:_identify(src) by extensions ['colcon_meta']
[0.350s] Level 1:colcon.colcon_core.package_identification:_identify(src) by extension 'colcon_meta'
[0.350s] Level 1:colcon.colcon_core.package_identification:_identify(src) by extensions ['ros']
[0.350s] Level 1:colcon.colcon_core.package_identification:_identify(src) by extension 'ros'
[0.350s] Level 1:colcon.colcon_core.package_identification:_identify(src) by extensions ['cmake', 'python']
[0.350s] Level 1:colcon.colcon_core.package_identification:_identify(src) by extension 'cmake'
[0.350s] Level 1:colcon.colcon_core.package_identification:_identify(src) by extension 'python'
[0.350s] Level 1:colcon.colcon_core.package_identification:_identify(src) by extensions ['python_setup_py']
[0.350s] Level 1:colcon.colcon_core.package_identification:_identify(src) by extension 'python_setup_py'
[0.351s] Level 1:colcon.colcon_core.package_identification:_identify(src/controller) by extensions ['ignore', 'ignore_ament_install']
[0.351s] Level 1:colcon.colcon_core.package_identification:_identify(src/controller) by extension 'ignore'
[0.351s] Level 1:colcon.colcon_core.package_identification:_identify(src/controller) by extension 'ignore_ament_install'
[0.351s] Level 1:colcon.colcon_core.package_identification:_identify(src/controller) by extensions ['colcon_pkg']
[0.351s] Level 1:colcon.colcon_core.package_identification:_identify(src/controller) by extension 'colcon_pkg'
[0.351s] Level 1:colcon.colcon_core.package_identification:_identify(src/controller) by extensions ['colcon_meta']
[0.351s] Level 1:colcon.colcon_core.package_identification:_identify(src/controller) by extension 'colcon_meta'
[0.351s] Level 1:colcon.colcon_core.package_identification:_identify(src/controller) by extensions ['ros']
[0.352s] Level 1:colcon.colcon_core.package_identification:_identify(src/controller) by extension 'ros'
[0.357s] DEBUG:colcon.colcon_core.package_identification:Package 'src/controller' with type 'ros.ament_python' and name 'controller'
[0.357s] Level 1:colcon.colcon_core.package_discovery:discover_packages(recursive) using defaults
[0.357s] Level 1:colcon.colcon_core.package_discovery:discover_packages(ignore) discover
[0.357s] Level 1:colcon.colcon_core.package_discovery:discover_packages(ignore) using defaults
[0.357s] Level 1:colcon.colcon_core.package_discovery:discover_packages(path) discover
[0.357s] Level 1:colcon.colcon_core.package_discovery:discover_packages(path) using defaults
[0.398s] Level 1:colcon.colcon_core.package_discovery:discover_packages(prefix_path) check parameters
[0.398s] Level 1:colcon.colcon_core.package_discovery:discover_packages(prefix_path) discover
[0.402s] DEBUG:colcon.colcon_installed_package_information.package_discovery:Found 1 installed packages in /home/pass_is_queens/Developer/WeedEater/rosws/install
[0.404s] DEBUG:colcon.colcon_installed_package_information.package_discovery:Found 271 installed packages in /opt/ros/humble
[0.407s] Level 1:colcon.colcon_core.package_discovery:discover_packages(prefix_path) using defaults
[0.481s] Level 5:colcon.colcon_core.verb:set package 'controller' build argument 'cmake_args' from command line to 'None'
[0.482s] Level 5:colcon.colcon_core.verb:set package 'controller' build argument 'cmake_target' from command line to 'None'
[0.482s] Level 5:colcon.colcon_core.verb:set package 'controller' build argument 'cmake_target_skip_unavailable' from command line to 'False'
[0.482s] Level 5:colcon.colcon_core.verb:set package 'controller' build argument 'cmake_clean_cache' from command line to 'False'
[0.482s] Level 5:colcon.colcon_core.verb:set package 'controller' build argument 'cmake_clean_first' from command line to 'False'
[0.482s] Level 5:colcon.colcon_core.verb:set package 'controller' build argument 'cmake_force_configure' from command line to 'False'
[0.482s] Level 5:colcon.colcon_core.verb:set package 'controller' build argument 'ament_cmake_args' from command line to 'None'
[0.482s] Level 5:colcon.colcon_core.verb:set package 'controller' build argument 'catkin_cmake_args' from command line to 'None'
[0.482s] Level 5:colcon.colcon_core.verb:set package 'controller' build argument 'catkin_skip_building_tests' from command line to 'False'
[0.482s] DEBUG:colcon.colcon_core.verb:Building package 'controller' with the following arguments: {'ament_cmake_args': None, 'build_base': '/home/pass_is_queens/Developer/WeedEater/rosws/build/controller', 'catkin_cmake_args': None, 'catkin_skip_building_tests': False, 'cmake_args': None, 'cmake_clean_cache': False, 'cmake_clean_first': False, 'cmake_force_configure': False, 'cmake_target': None, 'cmake_target_skip_unavailable': False, 'install_base': '/home/pass_is_queens/Developer/WeedEater/rosws/install/controller', 'merge_install': False, 'path': '/home/pass_is_queens/Developer/WeedEater/rosws/src/controller', 'symlink_install': False, 'test_result_base': None}
[0.482s] INFO:colcon.colcon_core.executor:Executing jobs using 'parallel' executor
[0.484s] DEBUG:colcon.colcon_parallel_executor.executor.parallel:run_until_complete
[0.485s] INFO:colcon.colcon_ros.task.ament_python.build:Building ROS package in '/home/pass_is_queens/Developer/WeedEater/rosws/src/controller' with build type 'ament_python'
[0.485s] Level 1:colcon.colcon_core.shell:create_environment_hook('controller', 'ament_prefix_path')
[0.489s] INFO:colcon.colcon_core.plugin_system:Skipping extension 'colcon_core.shell.bat': Not used on non-Windows systems
[0.490s] INFO:colcon.colcon_core.shell:Creating environment hook '/home/pass_is_queens/Developer/WeedEater/rosws/install/controller/share/controller/hook/ament_prefix_path.ps1'
[0.491s] INFO:colcon.colcon_core.shell:Creating environment descriptor '/home/pass_is_queens/Developer/WeedEater/rosws/install/controller/share/controller/hook/ament_prefix_path.dsv'
[0.492s] INFO:colcon.colcon_core.shell:Creating environment hook '/home/pass_is_queens/Developer/WeedEater/rosws/install/controller/share/controller/hook/ament_prefix_path.sh'
[0.494s] INFO:colcon.colcon_core.shell:Skip shell extension 'powershell' for command environment: Not usable outside of PowerShell
[0.494s] DEBUG:colcon.colcon_core.shell:Skip shell extension 'dsv' for command environment
[0.978s] INFO:colcon.colcon_core.task.python.build:Building Python package in '/home/pass_is_queens/Developer/WeedEater/rosws/src/controller'
[0.979s] INFO:colcon.colcon_core.shell:Skip shell extension 'powershell' for command environment: Not usable outside of PowerShell
[0.979s] DEBUG:colcon.colcon_core.shell:Skip shell extension 'dsv' for command environment
[2.159s] DEBUG:colcon.colcon_core.event_handler.log_command:Invoking command in '/home/pass_is_queens/Developer/WeedEater/rosws/src/controller': PYTHONPATH=/home/pass_is_queens/Developer/WeedEater/rosws/build/controller/prefix_override:/usr/lib/python3/dist-packages/colcon_core/task/python/colcon_distutils_commands:/home/pass_is_queens/Developer/WeedEater/rosws/install/controller/lib/python3.10/site-packages:${PYTHONPATH} /usr/bin/python3 -W ignore:setup.py install is deprecated -W ignore:easy_install command is deprecated setup.py egg_info --egg-base ../../build/controller build --build-base /home/pass_is_queens/Developer/WeedEater/rosws/build/controller/build install --record /home/pass_is_queens/Developer/WeedEater/rosws/build/controller/install.log --single-version-externally-managed install_data
[3.298s] DEBUG:colcon.colcon_core.event_handler.log_command:Invoked command in '/home/pass_is_queens/Developer/WeedEater/rosws/src/controller' returned '0': PYTHONPATH=/home/pass_is_queens/Developer/WeedEater/rosws/build/controller/prefix_override:/usr/lib/python3/dist-packages/colcon_core/task/python/colcon_distutils_commands:/home/pass_is_queens/Developer/WeedEater/rosws/install/controller/lib/python3.10/site-packages:${PYTHONPATH} /usr/bin/python3 -W ignore:setup.py install is deprecated -W ignore:easy_install command is deprecated setup.py egg_info --egg-base ../../build/controller build --build-base /home/pass_is_queens/Developer/WeedEater/rosws/build/controller/build install --record /home/pass_is_queens/Developer/WeedEater/rosws/build/controller/install.log --single-version-externally-managed install_data
[3.309s] Level 1:colcon.colcon_core.environment:checking '/home/pass_is_queens/Developer/WeedEater/rosws/install/controller' for CMake module files
[3.311s] Level 1:colcon.colcon_core.environment:checking '/home/pass_is_queens/Developer/WeedEater/rosws/install/controller' for CMake config files
[3.314s] Level 1:colcon.colcon_core.environment:checking '/home/pass_is_queens/Developer/WeedEater/rosws/install/controller/lib'
[3.315s] Level 1:colcon.colcon_core.environment:checking '/home/pass_is_queens/Developer/WeedEater/rosws/install/controller/bin'
[3.315s] Level 1:colcon.colcon_core.environment:checking '/home/pass_is_queens/Developer/WeedEater/rosws/install/controller/lib/pkgconfig/controller.pc'
[3.316s] Level 1:colcon.colcon_core.environment:checking '/home/pass_is_queens/Developer/WeedEater/rosws/install/controller/lib/python3.10/site-packages'
[3.317s] Level 1:colcon.colcon_core.shell:create_environment_hook('controller', 'pythonpath')
[3.318s] INFO:colcon.colcon_core.shell:Creating environment hook '/home/pass_is_queens/Developer/WeedEater/rosws/install/controller/share/controller/hook/pythonpath.ps1'
[3.319s] INFO:colcon.colcon_core.shell:Creating environment descriptor '/home/pass_is_queens/Developer/WeedEater/rosws/install/controller/share/controller/hook/pythonpath.dsv'
[3.321s] INFO:colcon.colcon_core.shell:Creating environment hook '/home/pass_is_queens/Developer/WeedEater/rosws/install/controller/share/controller/hook/pythonpath.sh'
[3.324s] Level 1:colcon.colcon_core.environment:checking '/home/pass_is_queens/Developer/WeedEater/rosws/install/controller/bin'
[3.324s] Level 1:colcon.colcon_core.environment:create_environment_scripts_only(controller)
[3.325s] INFO:colcon.colcon_core.shell:Creating package script '/home/pass_is_queens/Developer/WeedEater/rosws/install/controller/share/controller/package.ps1'
[3.328s] INFO:colcon.colcon_core.shell:Creating package descriptor '/home/pass_is_queens/Developer/WeedEater/rosws/install/controller/share/controller/package.dsv'
[3.331s] INFO:colcon.colcon_core.shell:Creating package script '/home/pass_is_queens/Developer/WeedEater/rosws/install/controller/share/controller/package.sh'
[3.333s] INFO:colcon.colcon_core.shell:Creating package script '/home/pass_is_queens/Developer/WeedEater/rosws/install/controller/share/controller/package.bash'
[3.336s] INFO:colcon.colcon_core.shell:Creating package script '/home/pass_is_queens/Developer/WeedEater/rosws/install/controller/share/controller/package.zsh'
[3.339s] Level 1:colcon.colcon_core.environment:create_file_with_runtime_dependencies(/home/pass_is_queens/Developer/WeedEater/rosws/install/controller/share/colcon-core/packages/controller)
[3.340s] DEBUG:colcon.colcon_parallel_executor.executor.parallel:closing loop
[3.341s] DEBUG:colcon.colcon_parallel_executor.executor.parallel:loop closed
[3.342s] DEBUG:colcon.colcon_parallel_executor.executor.parallel:run_until_complete finished with '0'
[3.342s] DEBUG:colcon.colcon_core.event_reactor:joining thread
[3.358s] INFO:colcon.colcon_core.plugin_system:Skipping extension 'colcon_notification.desktop_notification.terminal_notifier': Not used on non-Darwin systems
[3.358s] INFO:colcon.colcon_core.plugin_system:Skipping extension 'colcon_notification.desktop_notification.win32': Not used on non-Windows systems
[3.359s] INFO:colcon.colcon_notification.desktop_notification:Sending desktop notification using 'notify2'
[3.405s] DEBUG:colcon.colcon_core.event_reactor:joined thread
[3.406s] INFO:colcon.colcon_core.shell:Creating prefix script '/home/pass_is_queens/Developer/WeedEater/rosws/install/local_setup.ps1'
[3.410s] INFO:colcon.colcon_core.shell:Creating prefix util module '/home/pass_is_queens/Developer/WeedEater/rosws/install/_local_setup_util_ps1.py'
[3.416s] INFO:colcon.colcon_core.shell:Creating prefix chain script '/home/pass_is_queens/Developer/WeedEater/rosws/install/setup.ps1'
[3.420s] INFO:colcon.colcon_core.shell:Creating prefix script '/home/pass_is_queens/Developer/WeedEater/rosws/install/local_setup.sh'
[3.423s] INFO:colcon.colcon_core.shell:Creating prefix util module '/home/pass_is_queens/Developer/WeedEater/rosws/install/_local_setup_util_sh.py'
[3.425s] INFO:colcon.colcon_core.shell:Creating prefix chain script '/home/pass_is_queens/Developer/WeedEater/rosws/install/setup.sh'
[3.429s] INFO:colcon.colcon_core.shell:Creating prefix script '/home/pass_is_queens/Developer/WeedEater/rosws/install/local_setup.bash'
[3.431s] INFO:colcon.colcon_core.shell:Creating prefix chain script '/home/pass_is_queens/Developer/WeedEater/rosws/install/setup.bash'
[3.434s] INFO:colcon.colcon_core.shell:Creating prefix script '/home/pass_is_queens/Developer/WeedEater/rosws/install/local_setup.zsh'
[3.436s] INFO:colcon.colcon_core.shell:Creating prefix chain script '/home/pass_is_queens/Developer/WeedEater/rosws/install/setup.zsh'
